Crashlog created at 2022-04-03 11:00:48 -0400

===== MESSAGE:

RuntimeError: Missing required extension: "./content/topics/hw-inactive-102"

===== STACK TRACE:

  0. /Users/pitosalas/mydev/cosi119r/Rules:90:in `block in parse'
  1. /Users/pitosalas/.rbenv/versions/3.1.0/lib/ruby/gems/3.1.0/gems/nanoc-4.12.4/lib/nanoc/rule_dsl/routing_rule.rb:26:in `instance_exec'
  2. /Users/pitosalas/.rbenv/versions/3.1.0/lib/ruby/gems/3.1.0/gems/nanoc-4.12.4/lib/nanoc/rule_dsl/routing_rule.rb:26:in `apply_to'
  3. /Users/pitosalas/.rbenv/versions/3.1.0/lib/ruby/gems/3.1.0/gems/nanoc-4.12.4/lib/nanoc/rule_dsl/action_sequence_calculator.rb:136:in `basic_path_from_rules_for'
  4. /Users/pitosalas/.rbenv/versions/3.1.0/lib/ruby/gems/3.1.0/gems/nanoc-4.12.4/lib/nanoc/rule_dsl/action_sequence_calculator.rb:121:in `block (2 levels) in copy_paths_from_routing_rules'
  5. /Users/pitosalas/.rbenv/versions/3.1.0/lib/ruby/gems/3.1.0/gems/nanoc-4.12.4/lib/nanoc/rule_dsl/action_sequence_calculator.rb:121:in `map'
  6. /Users/pitosalas/.rbenv/versions/3.1.0/lib/ruby/gems/3.1.0/gems/nanoc-4.12.4/lib/nanoc/rule_dsl/action_sequence_calculator.rb:121:in `block in copy_paths_from_routing_rules'
  7. /Users/pitosalas/.rbenv/versions/3.1.0/lib/ruby/gems/3.1.0/gems/nanoc-core-4.12.4/lib/nanoc/core/action_sequence.rb:58:in `block in map'
  8. /Users/pitosalas/.rbenv/versions/3.1.0/lib/ruby/gems/3.1.0/gems/nanoc-core-4.12.4/lib/nanoc/core/action_sequence.rb:58:in `map'
  9. /Users/pitosalas/.rbenv/versions/3.1.0/lib/ruby/gems/3.1.0/gems/nanoc-core-4.12.4/lib/nanoc/core/action_sequence.rb:58:in `map'
  10. /Users/pitosalas/.rbenv/versions/3.1.0/lib/ruby/gems/3.1.0/gems/nanoc-4.12.4/lib/nanoc/rule_dsl/action_sequence_calculator.rb:107:in `copy_paths_from_routing_rules'
  11. /Users/pitosalas/.rbenv/versions/3.1.0/lib/ruby/gems/3.1.0/gems/nanoc-4.12.4/lib/nanoc/rule_dsl/action_sequence_calculator.rb:70:in `new_action_sequence_for_rep'
  12. /Users/pitosalas/.rbenv/versions/3.1.0/lib/ruby/gems/3.1.0/gems/nanoc-4.12.4/lib/nanoc/rule_dsl/action_sequence_calculator.rb:45:in `[]'
  13. /Users/pitosalas/.rbenv/versions/3.1.0/lib/ruby/gems/3.1.0/gems/nanoc-4.12.4/lib/nanoc/rule_dsl/action_provider.rb:38:in `action_sequence_for'
  14. /Users/pitosalas/.rbenv/versions/3.1.0/lib/ruby/gems/3.1.0/gems/nanoc-core-4.12.4/lib/nanoc/core/item_rep_router.rb:39:in `block in run'
  15. /Users/pitosalas/.rbenv/versions/3.1.0/lib/ruby/gems/3.1.0/gems/nanoc-core-4.12.4/lib/nanoc/core/item_rep_repo.rb:28:in `each'
  16. /Users/pitosalas/.rbenv/versions/3.1.0/lib/ruby/gems/3.1.0/gems/nanoc-core-4.12.4/lib/nanoc/core/item_rep_repo.rb:28:in `each'
  17. /Users/pitosalas/.rbenv/versions/3.1.0/lib/ruby/gems/3.1.0/gems/nanoc-core-4.12.4/lib/nanoc/core/item_rep_router.rb:33:in `run'
  18. /Users/pitosalas/.rbenv/versions/3.1.0/lib/ruby/gems/3.1.0/gems/nanoc-core-4.12.4/lib/nanoc/core/item_rep_builder.rb:25:in `run'
  19. /Users/pitosalas/.rbenv/versions/3.1.0/lib/ruby/gems/3.1.0/gems/nanoc-core-4.12.4/lib/nanoc/core/compilation_stages/build_reps.rb:22:in `run'
  20. /Users/pitosalas/.rbenv/versions/3.1.0/lib/ruby/gems/3.1.0/gems/nanoc-core-4.12.4/lib/nanoc/core/compilation_stage.rb:9:in `block in call'
  21. /Users/pitosalas/.rbenv/versions/3.1.0/lib/ruby/gems/3.1.0/gems/nanoc-core-4.12.4/lib/nanoc/core/instrumentor.rb:10:in `call'
  22. /Users/pitosalas/.rbenv/versions/3.1.0/lib/ruby/gems/3.1.0/gems/nanoc-core-4.12.4/lib/nanoc/core/compilation_stage.rb:8:in `call'
  23. /Users/pitosalas/.rbenv/versions/3.1.0/lib/ruby/gems/3.1.0/gems/nanoc-core-4.12.4/lib/nanoc/core/compiler.rb:45:in `run_until_reps_built'
  24. /Users/pitosalas/.rbenv/versions/3.1.0/lib/ruby/gems/3.1.0/gems/nanoc-cli-4.12.4/lib/nanoc/cli/compile_listeners/aggregate.rb:33:in `setup_listeners'
  25. /Users/pitosalas/.rbenv/versions/3.1.0/lib/ruby/gems/3.1.0/gems/nanoc-cli-4.12.4/lib/nanoc/cli/compile_listeners/aggregate.rb:14:in `start'
  26. /Users/pitosalas/.rbenv/versions/3.1.0/lib/ruby/gems/3.1.0/gems/nanoc-cli-4.12.4/lib/nanoc/cli/compile_listeners/abstract.rb:23:in `wrapped_start'
  27. /Users/pitosalas/.rbenv/versions/3.1.0/lib/ruby/gems/3.1.0/gems/nanoc-cli-4.12.4/lib/nanoc/cli/compile_listeners/abstract.rb:37:in `run_while'
  28. /Users/pitosalas/.rbenv/versions/3.1.0/lib/ruby/gems/3.1.0/gems/nanoc-cli-4.12.4/lib/nanoc/cli/commands/compile.rb:44:in `run_once'
  29. /Users/pitosalas/.rbenv/versions/3.1.0/lib/ruby/gems/3.1.0/gems/nanoc-cli-4.12.4/lib/nanoc/cli/commands/compile.rb:23:in `run'
  30. /Users/pitosalas/.rbenv/versions/3.1.0/lib/ruby/gems/3.1.0/gems/nanoc-cli-4.12.4/lib/nanoc/cli/command_runner.rb:15:in `block in call'
  31. /Users/pitosalas/.rbenv/versions/3.1.0/lib/ruby/gems/3.1.0/gems/nanoc-cli-4.12.4/lib/nanoc/cli/error_handler.rb:15:in `block in handle_while'
  32. /Users/pitosalas/.rbenv/versions/3.1.0/lib/ruby/gems/3.1.0/gems/nanoc-cli-4.12.4/lib/nanoc/cli/error_handler.rb:57:in `handle_while'
  33. /Users/pitosalas/.rbenv/versions/3.1.0/lib/ruby/gems/3.1.0/gems/nanoc-cli-4.12.4/lib/nanoc/cli/error_handler.rb:15:in `handle_while'
  34. /Users/pitosalas/.rbenv/versions/3.1.0/lib/ruby/gems/3.1.0/gems/nanoc-cli-4.12.4/lib/nanoc/cli/command_runner.rb:14:in `call'
  35. /Users/pitosalas/.rbenv/versions/3.1.0/lib/ruby/gems/3.1.0/gems/cri-2.15.11/lib/cri/command_dsl.rb:294:in `block in runner'
  36. /Users/pitosalas/.rbenv/versions/3.1.0/lib/ruby/gems/3.1.0/gems/cri-2.15.11/lib/cri/command.rb:362:in `run_this'
  37. /Users/pitosalas/.rbenv/versions/3.1.0/lib/ruby/gems/3.1.0/gems/cri-2.15.11/lib/cri/command.rb:298:in `run'
  38. /Users/pitosalas/.rbenv/versions/3.1.0/lib/ruby/gems/3.1.0/gems/cri-2.15.11/lib/cri/command.rb:316:in `run'
  39. /Users/pitosalas/.rbenv/versions/3.1.0/lib/ruby/gems/3.1.0/gems/nanoc-cli-4.12.4/lib/nanoc/cli.rb:88:in `block in run'
  40. /Users/pitosalas/.rbenv/versions/3.1.0/lib/ruby/gems/3.1.0/gems/nanoc-cli-4.12.4/lib/nanoc/cli/error_handler.rb:15:in `block in handle_while'
  41. /Users/pitosalas/.rbenv/versions/3.1.0/lib/ruby/gems/3.1.0/gems/nanoc-cli-4.12.4/lib/nanoc/cli/error_handler.rb:57:in `handle_while'
  42. /Users/pitosalas/.rbenv/versions/3.1.0/lib/ruby/gems/3.1.0/gems/nanoc-cli-4.12.4/lib/nanoc/cli/error_handler.rb:15:in `handle_while'
  43. /Users/pitosalas/.rbenv/versions/3.1.0/lib/ruby/gems/3.1.0/gems/nanoc-cli-4.12.4/lib/nanoc/cli.rb:86:in `run'
  44. /Users/pitosalas/.rbenv/versions/3.1.0/lib/ruby/gems/3.1.0/gems/nanoc-4.12.4/bin/nanoc:18:in `<top (required)>'
  45. /Users/pitosalas/.rbenv/versions/3.1.0/bin/nanoc:25:in `load'

===== VERSION INFORMATION:

Nanoc 4.12.4 © 2007–2022 Denis Defreyne.
Running ruby 3.1.0 (2021-12-25) on x86_64-darwin21 with RubyGems 3.3.3.

===== SYSTEM INFORMATION:

Darwin iMac-2018.local 21.4.0 Darwin Kernel Version 21.4.0: Fri Mar 18 00:45:05 PDT 2022; root:xnu-8020.101.4~15/RELEASE_X86_64 x86_64

===== INSTALLED GEMS:

  abbrev 0.1.0
  activemodel 7.0.1, 7.0.2.3
  activerecord 7.0.1, 7.0.2.3
  activesupport 6.1.4.1, 7.0.1, 7.0.2.3
  addressable 2.8.0
  adsf 1.4.6
  adsf-live 1.4.6
  ast 2.4.2
  backport 1.2.0
  base64 0.1.1
  bcrypt 3.1.16
  benchmark 0.2.0
  bigdecimal 3.1.1
  bundler 1.17.2, 2.2.23, 2.3.3, 2.3.5
  byebug 11.1.3
  cgi 0.3.1
  coderay 1.1.3
  colored 1.2
  concurrent-ruby 1.1.9, 1.1.10
  coursegen 0.9.20, 0.9.21
  cri 2.15.11
  csv 3.2.2
  database_cleaner 2.0.1
  database_cleaner-active_record 2.0.1
  database_cleaner-core 2.0.1
  date 3.2.2
  ddmemoize 1.0.0
  ddmetrics 1.0.1
  ddplugin 1.0.3
  debug 1.4.0
  delegate 0.2.0
  did_you_mean 1.6.1
  diff-lcs 1.4.4, 1.5.0
  digest 3.1.0
  drb 2.1.0
  e2mmap 0.1.0
  em-websocket 0.5.3
  english 0.7.1
  erb 2.2.3
  error_highlight 0.3.0
  etc 1.3.0
  eventmachine 1.2.7
  faker 2.20.0
  faraday 2.2.0
  faraday-net_http 2.0.1
  fcntl 1.0.1
  ffi 1.15.4, 1.15.5
  fiddle 1.1.0
  fileutils 1.6.0
  find 0.1.1
  formatador 0.3.0, 1.1.0
  forwardable 1.3.2
  getoptlong 0.1.1
  guard 2.18.0
  guard-compat 1.2.1
  guard-minitest 2.4.6
  guard-shell 0.7.2
  hamster 3.0.0
  http_parser.rb 0.6.0, 0.8.0
  i18n 1.8.11, 1.10.0
  icalendar 2.7.1
  ice_cube 0.16.3, 0.16.4
  io-console 0.5.10
  io-nonblock 0.1.0
  io-wait 0.2.1
  ipaddr 1.2.3
  irb 1.4.1
  jaro_winkler 1.5.4
  json 2.5.1, 2.6.1
  json_schema 0.21.0
  kramdown 2.3.1
  kramdown-parser-gfm 1.1.0
  kwalify 0.7.2
  listen 3.7.0, 3.7.1
  logger 1.5.0
  lumberjack 1.2.8
  matrix 0.4.2
  memo_wise 1.5.0
  method_source 1.0.0
  mini_portile2 2.7.1
  minitest 5.14.4, 5.15.0
  multi_json 1.15.0
  mustermann 1.1.1
  mutex_m 0.1.1
  nanoc 4.12.4
  nanoc-checking 1.0.2
  nanoc-cli 4.12.4
  nanoc-core 4.12.2, 4.12.4
  nanoc-deploying 1.0.1
  nanoc-live 1.0.0
  nenv 0.3.0
  net-ftp 0.1.3
  net-http 0.2.0
  net-imap 0.2.2
  net-pop 0.1.1
  net-protocol 0.1.2
  net-smtp 0.3.1
  nio4r 2.5.8
  nkf 0.1.1
  nokogiri 1.13.0, 1.13.1
  notiffany 0.1.3
  observer 0.1.1
  open 0.1.3
  open-uri 0.2.0
  open3 0.1.1
  openssl 3.0.0
  optparse 0.2.0
  ostruct 0.5.2
  parallel 1.20.1, 1.21.0
  parser 3.1.0.0, 3.1.1.0
  pastel 0.8.0
  pathname 0.2.0
  pg 1.2.3, 1.3.0, 1.3.3, 1.3.4
  power_assert 2.0.1
  pp 0.3.0
  prettier 2.0.0
  prettyprint 0.1.1
  prime 0.1.2
  pry 0.14.1
  pstore 0.1.1
  psych 4.0.3
  public_suffix 4.0.6
  puma 5.5.2, 5.6.2
  racc 1.6.0
  rack 2.2.3
  rack-livereload 0.3.17
  rack-protection 2.1.0, 2.2.0
  rack-test 1.1.0
  rainbow 3.0.0, 3.1.1
  rake 13.0.6
  rb-fsevent 0.11.0, 0.11.1
  rb-inotify 0.10.1
  rbs 2.0.0
  rdoc 6.4.0
  readline 0.0.3
  readline-ext 0.1.4
  reek 6.1.0
  ref 2.0.0
  regexp_parser 2.2.0, 2.2.1
  reline 0.3.0
  remote_syslog_logger 1.0.4
  resolv 0.2.1
  resolv-replace 0.1.0
  reverse_markdown 2.1.1
  rexml 3.2.5
  rinda 0.1.1
  rspec 3.10.0
  rspec-core 3.10.1
  rspec-expectations 3.10.1, 3.10.2
  rspec-mocks 3.10.2
  rspec-support 3.10.2, 3.10.3
  rss 0.2.9
  rubocop 1.24.1, 1.25.1, 1.26.0
  rubocop-ast 1.15.1, 1.16.0
  rubocop-performance 1.13.3
  ruby-progressbar 1.11.0
  ruby2_keywords 0.0.5
  rubytree 1.0.2
  securerandom 0.1.1
  set 1.0.2
  shellany 0.0.1
  shellwords 0.1.0
  sinatra 2.1.0, 2.2.0
  sinatra-activerecord 2.0.25
  sinatra-contrib 2.2.0
  singleton 0.1.1
  slow_enumerator_tools 1.1.0
  solargraph 0.44.3
  stringio 3.0.1
  strscan 3.0.1
  structured_warnings 0.4.0
  syslog 0.1.0
  syslog_protocol 0.9.2
  tempfile 0.1.2
  test-unit 3.5.3
  thor 1.1.0, 1.2.1
  tilt 2.0.10
  time 0.2.0
  timeout 0.2.0
  tmpdir 0.1.2
  tsort 0.1.0
  tty-color 0.6.0
  tty-command 0.10.1
  tty-platform 0.3.0
  tty-which 0.5.0
  typeprof 0.21.1
  tzinfo 2.0.4
  un 0.2.0
  unicode-display_width 2.1.0
  uri 0.11.0
  weakref 0.1.1
  webrick 1.7.0
  yaml 0.2.0
  yard 0.9.27
  zeitwerk 2.5.2, 2.5.3
  zlib 2.1.1

===== LOAD PATHS:

  0. /usr/local/Cellar/rbenv/1.2.0/rbenv.d/exec/gem-rehash
  1. /Users/pitosalas/.rbenv/versions/3.1.0/lib/ruby/gems/3.1.0/gems/public_suffix-4.0.6/lib
  2. /Users/pitosalas/.rbenv/versions/3.1.0/lib/ruby/gems/3.1.0/gems/addressable-2.8.0/lib
  3. /Users/pitosalas/.rbenv/versions/3.1.0/lib/ruby/gems/3.1.0/gems/colored-1.2/lib
  4. /Users/pitosalas/.rbenv/versions/3.1.0/lib/ruby/gems/3.1.0/gems/cri-2.15.11/lib
  5. /Users/pitosalas/.rbenv/versions/3.1.0/lib/ruby/gems/3.1.0/gems/ddmetrics-1.0.1/lib
  6. /Users/pitosalas/.rbenv/versions/3.1.0/lib/ruby/gems/3.1.0/gems/ddplugin-1.0.3/lib
  7. /Users/pitosalas/.rbenv/versions/3.1.0/lib/ruby/gems/3.1.0/gems/hamster-3.0.0/lib
  8. /Users/pitosalas/.rbenv/versions/3.1.0/lib/ruby/gems/3.1.0/gems/json_schema-0.21.0/lib
  9. /Users/pitosalas/.rbenv/versions/3.1.0/lib/ruby/gems/3.1.0/gems/memo_wise-1.5.0/lib
  10. /Users/pitosalas/.rbenv/versions/3.1.0/lib/ruby/gems/3.1.0/gems/slow_enumerator_tools-1.1.0/lib
  11. /Users/pitosalas/.rbenv/versions/3.1.0/lib/ruby/gems/3.1.0/gems/tty-platform-0.3.0/lib
  12. /Users/pitosalas/.rbenv/versions/3.1.0/lib/ruby/gems/3.1.0/gems/nanoc-core-4.12.4/lib
  13. /Users/pitosalas/.rbenv/versions/3.1.0/lib/ruby/gems/3.1.0/gems/nanoc-cli-4.12.4/lib
  14. /Users/pitosalas/.rbenv/versions/3.1.0/lib/ruby/gems/3.1.0/gems/nanoc-checking-1.0.2/lib
  15. /Users/pitosalas/.rbenv/versions/3.1.0/lib/ruby/gems/3.1.0/gems/nanoc-deploying-1.0.1/lib
  16. /Users/pitosalas/.rbenv/versions/3.1.0/lib/ruby/gems/3.1.0/gems/tty-color-0.6.0/lib
  17. /Users/pitosalas/.rbenv/versions/3.1.0/lib/ruby/gems/3.1.0/gems/pastel-0.8.0/lib
  18. /Users/pitosalas/.rbenv/versions/3.1.0/lib/ruby/gems/3.1.0/gems/tty-command-0.10.1/lib
  19. /Users/pitosalas/.rbenv/versions/3.1.0/lib/ruby/gems/3.1.0/gems/tty-which-0.5.0/lib
  20. /Users/pitosalas/.rbenv/versions/3.1.0/lib/ruby/gems/3.1.0/gems/nanoc-4.12.4/lib
  21. /Users/pitosalas/.rbenv/versions/3.1.0/lib/ruby/gems/3.1.0/gems/diff-lcs-1.5.0/lib
  22. /Users/pitosalas/.rbenv/versions/3.1.0/lib/ruby/gems/3.1.0/gems/concurrent-ruby-1.1.10/lib/concurrent-ruby
  23. /Users/pitosalas/.rbenv/versions/3.1.0/lib/ruby/gems/3.1.0/gems/zeitwerk-2.5.3/lib
  24. /Users/pitosalas/.rbenv/versions/3.1.0/lib/ruby/gems/3.1.0/gems/parallel-1.21.0/lib
  25. /Users/pitosalas/.rbenv/versions/3.1.0/lib/ruby/gems/3.1.0/gems/rack-2.2.3/lib
  26. /Users/pitosalas/.rbenv/versions/3.1.0/lib/ruby/gems/3.1.0/gems/adsf-1.4.6/lib
  27. /Users/pitosalas/.rbenv/versions/3.1.0/lib/ruby/gems/3.1.0/gems/byebug-11.1.3/lib
  28. /Users/pitosalas/.rbenv/versions/3.1.0/lib/ruby/gems/3.1.0/extensions/x86_64-darwin-21/3.1.0/byebug-11.1.3
  29. /Users/pitosalas/.rbenv/versions/3.1.0/lib/ruby/gems/3.1.0/gems/coderay-1.1.3/lib
  30. /Users/pitosalas/.rbenv/versions/3.1.0/lib/ruby/gems/3.1.0/gems/method_source-1.0.0/lib
  31. /Users/pitosalas/.rbenv/versions/3.1.0/lib/ruby/gems/3.1.0/gems/pry-0.14.1/lib
  32. /Users/pitosalas/.rbenv/versions/3.1.0/lib/ruby/gems/3.1.0/gems/lumberjack-1.2.8/lib
  33. /Users/pitosalas/.rbenv/versions/3.1.0/lib/ruby/gems/3.1.0/gems/nenv-0.3.0/lib
  34. /Users/pitosalas/.rbenv/versions/3.1.0/lib/ruby/gems/3.1.0/gems/shellany-0.0.1/lib
  35. /Users/pitosalas/.rbenv/versions/3.1.0/lib/ruby/gems/3.1.0/gems/notiffany-0.1.3/lib
  36. /Users/pitosalas/.rbenv/versions/3.1.0/lib/ruby/gems/3.1.0/gems/guard-2.18.0/lib
  37. /Users/pitosalas/.rbenv/versions/3.1.0/lib/ruby/gems/3.1.0/gems/guard-compat-1.2.1/lib
  38. /Users/pitosalas/.rbenv/versions/3.1.0/lib/ruby/gems/3.1.0/gems/guard-shell-0.7.2/lib
  39. /Users/pitosalas/.rbenv/versions/3.1.0/lib/ruby/gems/3.1.0/gems/icalendar-2.7.1/lib
  40. /Users/pitosalas/.rbenv/versions/3.1.0/lib/ruby/gems/3.1.0/gems/rexml-3.2.5/lib
  41. /Users/pitosalas/.rbenv/versions/3.1.0/lib/ruby/gems/3.1.0/gems/kramdown-2.3.1/lib
  42. /Users/pitosalas/.rbenv/versions/3.1.0/lib/ruby/gems/3.1.0/gems/eventmachine-1.2.7/lib
  43. /Users/pitosalas/.rbenv/versions/3.1.0/lib/ruby/gems/3.1.0/extensions/x86_64-darwin-21/3.1.0/eventmachine-1.2.7
  44. /Users/pitosalas/.rbenv/versions/3.1.0/lib/ruby/gems/3.1.0/gems/em-websocket-0.5.3/lib
  45. /Users/pitosalas/.rbenv/versions/3.1.0/lib/ruby/gems/3.1.0/gems/rack-livereload-0.3.17/lib
  46. /Users/pitosalas/.rbenv/versions/3.1.0/lib/ruby/gems/3.1.0/gems/adsf-live-1.4.6/lib
  47. /Users/pitosalas/.rbenv/versions/3.1.0/lib/ruby/gems/3.1.0/gems/nanoc-live-1.0.0/lib
  48. /Users/pitosalas/.rbenv/versions/3.1.0/lib/ruby/gems/3.1.0/gems/structured_warnings-0.4.0/lib
  49. /Users/pitosalas/.rbenv/versions/3.1.0/lib/ruby/gems/3.1.0/gems/rubytree-1.0.2/lib
  50. /Users/pitosalas/.rbenv/versions/3.1.0/lib/ruby/gems/3.1.0/gems/tzinfo-2.0.4/lib
  51. /Users/pitosalas/.rbenv/versions/3.1.0/lib/ruby/gems/3.1.0/gems/coursegen-0.9.21/lib
  52. /Users/pitosalas/.rbenv/versions/3.1.0/lib/ruby/gems/3.1.0/gems/nokogiri-1.13.1-x86_64-darwin/lib
  53. /Users/pitosalas/.rbenv/versions/3.1.0/lib/ruby/gems/3.1.0/gems/activesupport-7.0.2.3/lib
  54. /Users/pitosalas/.rbenv/versions/3.1.0/lib/ruby/gems/3.1.0/gems/i18n-1.10.0/lib
  55. /Users/pitosalas/.rbenv/versions/3.1.0/lib/ruby/gems/3.1.0/gems/ice_cube-0.16.4/lib
  56. /Users/pitosalas/.rbenv/versions/3.1.0/lib/ruby/site_ruby/3.1.0
  57. /Users/pitosalas/.rbenv/versions/3.1.0/lib/ruby/site_ruby/3.1.0/x86_64-darwin21
  58. /Users/pitosalas/.rbenv/versions/3.1.0/lib/ruby/site_ruby
  59. /Users/pitosalas/.rbenv/versions/3.1.0/lib/ruby/vendor_ruby/3.1.0
  60. /Users/pitosalas/.rbenv/versions/3.1.0/lib/ruby/vendor_ruby/3.1.0/x86_64-darwin21
  61. /Users/pitosalas/.rbenv/versions/3.1.0/lib/ruby/vendor_ruby
  62. /Users/pitosalas/.rbenv/versions/3.1.0/lib/ruby/3.1.0
  63. /Users/pitosalas/.rbenv/versions/3.1.0/lib/ruby/3.1.0/x86_64-darwin21
